<?xml version="1.0" encoding="UTF-8"?>
<!-- Generated by org.testng.reporters.JUnitReportReporter -->
<testsuite hostname="Baburao-PC" name="TestNG.PopUpAlerts" tests="1" failures="0" timestamp="14 Oct 2017 10:31:02 GMT" time="20.267" errors="0">
  <testcase name="Alert" time="20.267" classname="TestNG.PopUpAlerts"/>
</testsuite> <!-- TestNG.PopUpAlerts -->
