<?xml version="1.0" encoding="UTF-8"?>
<!-- Generated by org.testng.reporters.JUnitReportReporter -->
<testsuite hostname="Baburao-PC" name="TestNG.MouseOver" tests="1" failures="0" timestamp="7 Nov 2017 17:11:32 GMT" time="172.080" errors="0">
  <testcase name="Action" time="172.080" classname="TestNG.MouseOver"/>
</testsuite> <!-- TestNG.MouseOver -->
