<?xml version="1.0" encoding="UTF-8"?>
<!-- Generated by org.testng.reporters.JUnitReportReporter -->
<testsuite hostname="Baburao-PC" name="TestNG.FileUploadAutoIT" tests="1" failures="0" timestamp="14 Dec 2017 10:58:31 GMT" time="29.072" errors="0">
  <testcase name="FileUpload" time="29.072" classname="TestNG.FileUploadAutoIT"/>
</testsuite> <!-- TestNG.FileUploadAutoIT -->
