<?xml version="1.0" encoding="UTF-8"?>
<!-- Generated by org.testng.reporters.JUnitReportReporter -->
<testsuite hostname="Baburao-PC" name="ScreenShoot.ScreenShot" tests="1" failures="0" timestamp="17 Jan 2018 08:35:43 GMT" time="15.680" errors="0">
  <testcase name="FbScreenShoot" time="15.680" classname="ScreenShoot.ScreenShot"/>
</testsuite> <!-- ScreenShoot.ScreenShot -->
