<?xml version="1.0" encoding="UTF-8"?>
<!-- Generated by org.testng.reporters.JUnitReportReporter -->
<testsuite hostname="Baburao-PC" name="TestNG.AllLink" tests="1" failures="0" timestamp="8 Nov 2017 11:52:49 GMT" time="0.000" errors="1">
  <testcase name="Links" time="0.000" classname="TestNG.AllLink">
    <error type="org.testng.TestNGException" message="
Method public void TestNG.AllLink.Links(java.lang.String,java.lang.String,java.lang.String,java.lang.reflect.Method) throws java.rmi.UnexpectedException,java.net.MalformedURLException requires a @DataProvider named : hardCodeBrowser">
      <![CDATA[org.testng.TestNGException: 
Method public void TestNG.AllLink.Links(java.lang.String,java.lang.String,java.lang.String,java.lang.reflect.Method) throws java.rmi.UnexpectedException,java.net.MalformedURLException requires a @DataProvider named : hardCodeBrowser
	at org.testng.internal.Parameters.findDataProvider(Parameters.java:263)
	at org.testng.internal.Parameters.handleParameters(Parameters.java:419)
	at org.testng.internal.Invoker.handleParameters(Invoker.java:1270)
	at org.testng.internal.Invoker.createParameters(Invoker.java:985)
	at org.testng.internal.Invoker.invokeTestMethods(Invoker.java:1075)
	at org.testng.internal.TestMethodWorker.invokeTestMethods(TestMethodWorker.java:125)
	at org.testng.internal.TestMethodWorker.run(TestMethodWorker.java:108)
	at org.testng.TestRunner.privateRun(TestRunner.java:774)
	at org.testng.TestRunner.run(TestRunner.java:624)
	at org.testng.SuiteRunner.runTest(SuiteRunner.java:359)
	at org.testng.SuiteRunner.access$000(SuiteRunner.java:39)
	at org.testng.SuiteRunner$SuiteWorker.run(SuiteRunner.java:393)
	at org.testng.internal.thread.ThreadUtil$2.call(ThreadUtil.java:64)
	at java.util.concurrent.FutureTask.run(FutureTask.java:266)
	at java.util.concurrent.ThreadPoolExecutor.runWorker(ThreadPoolExecutor.java:1149)
	at java.util.concurrent.ThreadPoolExecutor$Worker.run(ThreadPoolExecutor.java:624)
	at java.lang.Thread.run(Thread.java:748)
]]>
    </error>
  </testcase> <!-- Links -->
</testsuite> <!-- TestNG.AllLink -->
