<?xml version="1.0" encoding="UTF-8"?>
<!-- Generated by org.testng.reporters.JUnitReportReporter -->
<testsuite hostname="Baburao-PC" name="TestNG.TakeScreenShoot" tests="1" failures="0" timestamp="8 Mar 2018 16:18:44 GMT" time="46.468" errors="0">
  <testcase name="ScreenShoot" time="46.468" classname="TestNG.TakeScreenShoot"/>
</testsuite> <!-- TestNG.TakeScreenShoot -->
