<?xml version="1.0" encoding="UTF-8"?>
<!-- Generated by org.testng.reporters.JUnitReportReporter -->
<testsuite hostname="Baburao-PC" name="TestNG.ScreenShot" tests="1" failures="0" timestamp="5 Nov 2017 04:18:04 GMT" time="13.697" errors="0">
  <testcase name="ScreenShot" time="13.697" classname="TestNG.ScreenShot"/>
</testsuite> <!-- TestNG.ScreenShot -->
