<?xml version="1.0" encoding="UTF-8"?>
<!-- Generated by org.testng.reporters.JUnitReportReporter -->
<testsuite hostname="Baburao-PC" name="TestNG.FBPoM" tests="1" failures="0" timestamp="9 Nov 2017 05:06:32 GMT" time="75.370" errors="0">
  <testcase name="book" time="75.370" classname="TestNG.FBPoM"/>
</testsuite> <!-- TestNG.FBPoM -->
