<?xml version="1.0" encoding="UTF-8"?>
<!-- Generated by org.testng.reporters.JUnitReportReporter -->
<testsuite hostname="Baburao-PC" name="TestNG.Radiomale" tests="1" failures="0" timestamp="11 Oct 2017 13:15:48 GMT" time="12.890" errors="0">
  <testcase name="Rmale" time="12.890" classname="TestNG.Radiomale"/>
</testsuite> <!-- TestNG.Radiomale -->
