<?xml version="1.0" encoding="UTF-8"?>
<!-- Generated by org.testng.reporters.JUnitReportReporter -->
<testsuite hostname="Baburao-PC" name="TestNG.WriteExcel" tests="1" failures="0" timestamp="8 Mar 2018 16:16:38 GMT" time="1.092" errors="0">
  <testcase name="facebookdata" time="1.092" classname="TestNG.WriteExcel"/>
</testsuite> <!-- TestNG.WriteExcel -->
