<?xml version="1.0" encoding="UTF-8"?>
<!-- Generated by org.testng.reporters.JUnitReportReporter -->
<testsuite hostname="Baburao-PC" name="TestNG.FileDownload" tests="1" failures="0" timestamp="26 Oct 2017 05:24:30 GMT" time="29.370" errors="0">
  <testcase name="download" time="29.370" classname="TestNG.FileDownload"/>
</testsuite> <!-- TestNG.FileDownload -->
