<?xml version="1.0" encoding="UTF-8"?>
<!-- Generated by org.testng.reporters.JUnitReportReporter -->
<testsuite hostname="Baburao-PC" name="TestNG.ExelDataRead" tests="1" failures="0" timestamp="16 Jan 2018 12:42:43 GMT" time="1.187" errors="0">
  <testcase name="DataExcel" time="1.187" classname="TestNG.ExelDataRead"/>
</testsuite> <!-- TestNG.ExelDataRead -->
