<?xml version="1.0" encoding="UTF-8"?>
<!-- Generated by org.testng.reporters.JUnitReportReporter -->
<testsuite hostname="Baburao-PC" name="certificateissue.firefoxDemo" tests="1" failures="0" timestamp="24 Dec 2017 11:40:37 GMT" time="11.534" errors="0">
  <testcase name="certificate" time="11.534" classname="certificateissue.firefoxDemo"/>
</testsuite> <!-- certificateissue.firefoxDemo -->
