<?xml version="1.0" encoding="UTF-8"?>
<!-- Generated by org.testng.reporters.JUnitReportReporter -->
<testsuite hostname="Baburao-PC" name="TestNG.ReadExcel" tests="1" failures="0" timestamp="27 Oct 2017 12:32:44 GMT" time="0.916" errors="0">
  <testcase name="facebookdata" time="0.916" classname="TestNG.ReadExcel"/>
</testsuite> <!-- TestNG.ReadExcel -->
