<?xml version="1.0" encoding="UTF-8"?>
<!-- Generated by org.testng.reporters.JUnitReportReporter -->
<testsuite hostname="Baburao-PC" name="TestNG.BeforeAfter" tests="3" failures="0" timestamp="8 Nov 2017 11:52:49 GMT" time="0.031" errors="0">
  <testcase name="methodTwoFromClassOne" time="0.015" classname="TestNG.BeforeAfter"/>
  <testcase name="methodOneFromClassTwo" time="0.016" classname="TestNG.BeforeAfter"/>
  <testcase name="methodOneFromClassOne" time="0.000" classname="TestNG.BeforeAfter"/>
</testsuite> <!-- TestNG.BeforeAfter -->
