<?xml version="1.0" encoding="UTF-8"?>
<!-- Generated by org.testng.reporters.JUnitReportReporter -->
<testsuite hostname="Baburao-PC" name="TestNG.MultiplePopUps" tests="1" failures="0" timestamp="13 Oct 2017 11:37:18 GMT" time="21.554" errors="0">
  <testcase name="Alert" time="21.554" classname="TestNG.MultiplePopUps"/>
</testsuite> <!-- TestNG.MultiplePopUps -->
