<?xml version="1.0" encoding="UTF-8"?>
<!-- Generated by org.testng.reporters.JUnitReportReporter -->
<testsuite hostname="Baburao-PC" name="TestNG.ReadExcelApache" tests="1" failures="0" timestamp="8 Mar 2018 16:17:11 GMT" time="0.874" errors="0">
  <testcase name="facebookdata" time="0.874" classname="TestNG.ReadExcelApache"/>
</testsuite> <!-- TestNG.ReadExcelApache -->
