<?xml version="1.0" encoding="UTF-8"?>
<!-- Generated by org.testng.reporters.JUnitReportReporter -->
<testsuite skipped="0" hostname="Baburao-PC" name="TestNG.BeforeAfter" tests="3" failures="0" timestamp="11 Oct 2017 13:12:22 GMT" time="0.002" errors="0">
  <testcase name="methodTwoFromClassOne" time="0.000" classname="TestNG.BeforeAfter"/>
  <testcase name="methodOneFromClassOne" time="0.002" classname="TestNG.BeforeAfter"/>
  <testcase name="methodOneFromClassTwo" time="0.000" classname="TestNG.BeforeAfter"/>
</testsuite> <!-- TestNG.BeforeAfter -->
